#
# A fatal error has been detected by the Java Runtime Environment:
#
#  Internal Error (javaClasses.cpp:129), pid=5188, tid=2952
#  fatal error: Invalid layout of preloaded class
#
# JRE version: 7.0_21-b11
# Java VM: Java HotSpot(TM) 64-Bit Server VM (23.21-b01 mixed mode windows-amd64 compressed oops)
# Failed to write core dump. Minidumps are not enabled by default on client versions of Windows
#
# If you would like to submit a bug report, please visit:
#   http://bugreport.sun.com/bugreport/crash.jsp
#

---------------  T H R E A D  ---------------

Current thread (0x00000000025ad000):  JavaThread "Unknown thread" [_thread_in_vm, id=2952, stack(0x0000000002760000,0x0000000002860000)]

Stack: [0x0000000002760000,0x0000000002860000]

---------------  P R O C E S S  ---------------

Java Threads: ( => current thread )

Other Threads:

=>0x00000000025ad000 (exited) JavaThread "Unknown thread" [_thread_in_vm, id=2952, stack(0x0000000002760000,0x0000000002860000)]

VM state:not at safepoint (not fully initialized)

VM Mutex/Monitor currently owned by a thread: None

GC Heap History (0 events):
No events

Deoptimization events (0 events):
No events

Internal exceptions (0 events):
No events

Events (10 events):
Event: 0.008 loading class 0x00000000024a0620 done
Event: 0.009 loading class 0x0000000002461a60 done
Event: 0.009 loading class 0x0000000002461a30
Event: 0.009 loading class 0x000000000b96cd30
Event: 0.009 loading class 0x000000000b96cd30 done
Event: 0.009 loading class 0x000000000b96cd70
Event: 0.009 loading class 0x000000000b96cd70 done
Event: 0.009 loading class 0x000000000b96e140
Event: 0.009 loading class 0x000000000b96e140 done
Event: 0.009 loading class 0x0000000002461a30 done


Dynamic libraries:
0x000000013fb40000 - 0x000000013fb73000 	C:\Program Files\Java\jre7\bin\javaw.exe
0x0000000077680000 - 0x0000000077829000 	C:\windows\SYSTEM32\ntdll.dll
0x0000000077560000 - 0x000000007767f000 	C:\windows\system32\kernel32.dll
0x000007fefd640000 - 0x000007fefd6ab000 	C:\windows\system32\KERNELBASE.dll
0x00000000751d0000 - 0x0000000075265000 	C:\windows\System32\SYSFER.DLL
0x000007feff500000 - 0x000007feff5db000 	C:\windows\system32\ADVAPI32.dll
0x000007fefdb80000 - 0x000007fefdc1f000 	C:\windows\system32\msvcrt.dll
0x000007fefdb60000 - 0x000007fefdb7f000 	C:\windows\SYSTEM32\sechost.dll
0x000007fefe150000 - 0x000007fefe27d000 	C:\windows\system32\RPCRT4.dll
0x0000000077460000 - 0x000000007755a000 	C:\windows\system32\USER32.dll
0x000007fefdaf0000 - 0x000007fefdb57000 	C:\windows\system32\GDI32.dll
0x000007feff210000 - 0x000007feff21e000 	C:\windows\system32\LPK.dll
0x000007feff8c0000 - 0x000007feff989000 	C:\windows\system32\USP10.dll
0x000007fefb9a0000 - 0x000007fefbb94000 	C:\windows\WinSxS\amd64_microsoft.windows.common-controls_6595b64144ccf1df_6.0.7601.17514_none_fa396087175ac9ac\COMCTL32.dll
0x000007fefde90000 - 0x000007fefdf01000 	C:\windows\system32\SHLWAPI.dll
0x000007feff220000 - 0x000007feff24e000 	C:\windows\system32\IMM32.DLL
0x000007fefdd80000 - 0x000007fefde89000 	C:\windows\system32\MSCTF.dll
0x000007fefd3f0000 - 0x000007fefd430000 	C:\windows\system32\nvinitx.dll
0x0000000073850000 - 0x0000000073921000 	C:\Program Files\Java\jre7\bin\msvcr100.dll
0x0000000061760000 - 0x0000000061e81000 	C:\Program Files\Java\jre7\bin\server\jvm.dll
0x000007fefc680000 - 0x000007fefc689000 	C:\windows\system32\WSOCK32.dll
0x000007fefdaa0000 - 0x000007fefdaed000 	C:\windows\system32\WS2_32.dll
0x000007feff680000 - 0x000007feff688000 	C:\windows\system32\NSI.dll
0x000007fefa080000 - 0x000007fefa0bb000 	C:\windows\system32\WINMM.dll
0x0000000077840000 - 0x0000000077847000 	C:\windows\system32\PSAPI.DLL
0x0000000073b70000 - 0x0000000073b7f000 	C:\Program Files\Java\jre7\bin\verify.dll
0x0000000073b40000 - 0x0000000073b68000 	C:\Program Files\Java\jre7\bin\java.dll
0x0000000073830000 - 0x0000000073845000 	C:\Program Files\Java\jre7\bin\zip.dll

VM Arguments:
jvm_args: -ea -Dfile.encoding=Cp1252 -Xbootclasspath:C:\Java\adt-bundle-windows-x86_64-20130729\sdk\platforms\android-18\android.jar 
java_command: org.eclipse.jdt.internal.junit.runner.RemoteTestRunner -version 3 -port 56186 -testLoaderClass org.eclipse.jdt.internal.junit.runner.junit3.JUnit3TestLoader -loaderpluginname org.eclipse.jdt.junit.runtime -classNames cs2114.simonesays.SimoneBlockTest
Launcher Type: SUN_STANDARD

Environment Variables:
PATH=C:\Program Files\Common Files\Microsoft Shared\Windows Live;C:\Program Files (x86)\Common Files\Microsoft Shared\Windows Live;C:\windows\system32;C:\windows;C:\windows\System32\Wbem;C:\windows\System32\WindowsPowerShell\v1.0\;C:\Program Files (x86)\Windows Live\Shared;C:\Program Files (x86)\Common Files\Roxio Shared\DLLShared\;C:\Program Files (x86)\Common Files\Roxio Shared\10.0\DLLShared\;C:\Program Files\Intel\WiFi\bin\;C:\Program Files\Common Files\Intel\WirelessCommon\;C:\Program Files\Softex\OmniPass\;C:\Program Files\Fujitsu\FJFP\;C:\Program Files\WIDCOMM\Bluetooth Software\;C:\Program Files\WIDCOMM\Bluetooth Software\syswow64;;C:\Program Files (x86)\PharosSystems\Core;C:\Program Files\Intel\WiFi\bin\;C:\Program Files\Common Files\Intel\WirelessCommon\;C:\Program Files\Java\jdk1.7.0_15\java
USERNAME=Ian
OS=Windows_NT
PROCESSOR_IDENTIFIER=Intel64 Family 6 Model 42 Stepping 7, GenuineIntel



---------------  S Y S T E M  ---------------

OS: Windows 7 , 64 bit Build 7601 Service Pack 1

CPU:total 4 (2 cores per cpu, 2 threads per core) family 6 model 42 stepping 7, cmov, cx8, fxsr, mmx, sse, sse2, sse3, ssse3, sse4.1, sse4.2, popcnt, avx, ht, tsc, tscinvbit

Memory: 4k page, physical 8272944k(4123976k free), swap 16544024k(11729212k free)

vm_info: Java HotSpot(TM) 64-Bit Server VM (23.21-b01) for windows-amd64 JRE (1.7.0_21-b11), built on Apr  4 2013 08:11:28 by "java_re" with unknown MS VC++:1600

time: Sun Dec 08 19:06:44 2013
elapsed time: 0 seconds

