#
# A fatal error has been detected by the Java Runtime Environment:
#
#  Internal Error (javaClasses.cpp:129), pid=5776, tid=6032
#  fatal error: Invalid layout of preloaded class
#
# JRE version: 7.0_25-b17
# Java VM: Java HotSpot(TM) 64-Bit Server VM (23.25-b01 mixed mode windows-amd64 compressed oops)
# Failed to write core dump. Minidumps are not enabled by default on client versions of Windows
#
# If you would like to submit a bug report, please visit:
#   http://bugreport.sun.com/bugreport/crash.jsp
#

---------------  T H R E A D  ---------------

Current thread (0x000000000247c800):  JavaThread "Unknown thread" [_thread_in_vm, id=6032, stack(0x0000000002660000,0x0000000002760000)]

Stack: [0x0000000002660000,0x0000000002760000]

---------------  P R O C E S S  ---------------

Java Threads: ( => current thread )

Other Threads:

=>0x000000000247c800 (exited) JavaThread "Unknown thread" [_thread_in_vm, id=6032, stack(0x0000000002660000,0x0000000002760000)]

VM state:not at safepoint (not fully initialized)

VM Mutex/Monitor currently owned by a thread: None

GC Heap History (0 events):
No events

Deoptimization events (0 events):
No events

Internal exceptions (0 events):
No events

Events (10 events):
Event: 0.017 loading class 0x0000000002500100 done
Event: 0.017 loading class 0x00000000024c2540 done
Event: 0.017 loading class 0x00000000024c2510
Event: 0.017 loading class 0x0000000002552380
Event: 0.017 loading class 0x0000000002552380 done
Event: 0.017 loading class 0x00000000025523c0
Event: 0.017 loading class 0x00000000025523c0 done
Event: 0.017 loading class 0x0000000008b3e810
Event: 0.017 loading class 0x0000000008b3e810 done
Event: 0.017 loading class 0x00000000024c2510 done


Dynamic libraries:
0x000000013f0d0000 - 0x000000013f103000 	C:\Program Files\Java\jre7\bin\javaw.exe
0x0000000076e30000 - 0x0000000076fd9000 	C:\windows\SYSTEM32\ntdll.dll
0x00000000771f0000 - 0x000000007730f000 	C:\windows\system32\kernel32.dll
0x000007fefd150000 - 0x000007fefd1bb000 	C:\windows\system32\KERNELBASE.dll
0x0000000074dc0000 - 0x0000000074e55000 	C:\windows\System32\SYSFER.DLL
0x000007fefe980000 - 0x000007fefea5b000 	C:\windows\system32\ADVAPI32.dll
0x000007fefe8e0000 - 0x000007fefe97f000 	C:\windows\system32\msvcrt.dll
0x000007fefe7e0000 - 0x000007fefe7ff000 	C:\windows\SYSTEM32\sechost.dll
0x000007fefed20000 - 0x000007fefee4d000 	C:\windows\system32\RPCRT4.dll
0x0000000077310000 - 0x000000007740a000 	C:\windows\system32\USER32.dll
0x000007fefe4a0000 - 0x000007fefe507000 	C:\windows\system32\GDI32.dll
0x000007feff1a0000 - 0x000007feff1ae000 	C:\windows\system32\LPK.dll
0x000007feff1b0000 - 0x000007feff279000 	C:\windows\system32\USP10.dll
0x000007fefbc30000 - 0x000007fefbe24000 	C:\windows\WinSxS\amd64_microsoft.windows.common-controls_6595b64144ccf1df_6.0.7601.17514_none_fa396087175ac9ac\COMCTL32.dll
0x000007feff080000 - 0x000007feff0f1000 	C:\windows\system32\SHLWAPI.dll
0x000007fefecf0000 - 0x000007fefed1e000 	C:\windows\system32\IMM32.DLL
0x000007fefe510000 - 0x000007fefe619000 	C:\windows\system32\MSCTF.dll
0x000000006e0e0000 - 0x000000006e1b1000 	C:\Program Files\Java\jre7\bin\msvcr100.dll
0x000000005bf00000 - 0x000000005c60f000 	C:\Program Files\Java\jre7\bin\server\jvm.dll
0x000007fef9270000 - 0x000007fef9279000 	C:\windows\system32\WSOCK32.dll
0x000007feff030000 - 0x000007feff07d000 	C:\windows\system32\WS2_32.dll
0x000007feff530000 - 0x000007feff538000 	C:\windows\system32\NSI.dll
0x000007fefaea0000 - 0x000007fefaedb000 	C:\windows\system32\WINMM.dll
0x00000000771e0000 - 0x00000000771e7000 	C:\windows\system32\PSAPI.DLL
0x0000000072240000 - 0x000000007224f000 	C:\Program Files\Java\jre7\bin\verify.dll
0x0000000070d10000 - 0x0000000070d38000 	C:\Program Files\Java\jre7\bin\java.dll
0x0000000072010000 - 0x0000000072025000 	C:\Program Files\Java\jre7\bin\zip.dll

VM Arguments:
jvm_args: -ea -Dfile.encoding=Cp1252 -Xbootclasspath:C:\Users\Christina\Desktop\SENIOR YEAR\CS 2114\adt-bundle-windows-x86_64-20130729\sdk\platforms\android-18\android.jar 
java_command: org.eclipse.jdt.internal.junit.runner.RemoteTestRunner -version 3 -port 63974 -testLoaderClass org.eclipse.jdt.internal.junit.runner.junit3.JUnit3TestLoader -loaderpluginname org.eclipse.jdt.junit.runtime -classNames cs2114.simonesays.ModelTest
Launcher Type: SUN_STANDARD

Environment Variables:
PATH=C:\Program Files\Common Files\Microsoft Shared\Windows Live;C:\Program Files (x86)\Common Files\Microsoft Shared\Windows Live;C:\windows\system32;C:\windows;C:\windows\System32\Wbem;C:\windows\System32\WindowsPowerShell\v1.0\;C:\Program Files (x86)\Common Files\Roxio Shared\DLLShared\;C:\Program Files (x86)\Windows Live\Shared;C:\Users\Christina\AppData\Local\Smartbar\Application\;C:\Users\Christina\AppData\Local\Smartbar\Application\
USERNAME=Christina
OS=Windows_NT
PROCESSOR_IDENTIFIER=Intel64 Family 6 Model 37 Stepping 2, GenuineIntel



---------------  S Y S T E M  ---------------

OS: Windows 7 , 64 bit Build 7601 Service Pack 1

CPU:total 4 (2 cores per cpu, 2 threads per core) family 6 model 37 stepping 2, cmov, cx8, fxsr, mmx, sse, sse2, sse3, ssse3, sse4.1, sse4.2, popcnt, ht, tsc, tscinvbit

Memory: 4k page, physical 3988324k(1187584k free), swap 7974784k(3429520k free)

vm_info: Java HotSpot(TM) 64-Bit Server VM (23.25-b01) for windows-amd64 JRE (1.7.0_25-b17), built on Jun 21 2013 12:58:32 by "java_re" with unknown MS VC++:1600

time: Sun Dec 08 22:29:34 2013
elapsed time: 0 seconds

